Watching for file changes with StatReloader
E:\Users\Kamron\Documents\GitHub\course-project-group-3\course_project_group_3\course_project_group_3\settings.py changed, reloading.
Watching for file changes with StatReloader
"GET /accounts/ HTTP/1.1" 200 177228
"GET /static/fonts/dash/Nunito.css HTTP/1.1" 404 1822
"POST /create_deposit_transaction/ HTTP/1.1" 200 34457
"GET /static/fonts/dash/Nunito.css HTTP/1.1" 404 1822
E:\Users\Kamron\Documents\GitHub\course-project-group-3\course_project_group_3\accounts\views.py changed, reloading.
Watching for file changes with StatReloader
"GET /accounts/ HTTP/1.1" 200 177228
"GET /static/fonts/dash/Nunito.css HTTP/1.1" 404 1822
"POST /create_deposit_transaction/ HTTP/1.1" 200 34457
"GET /static/fonts/dash/Nunito.css HTTP/1.1" 404 1822
E:\Users\Kamron\Documents\GitHub\course-project-group-3\course_project_group_3\accounts\views.py changed, reloading.
Watching for file changes with StatReloader
"GET /accounts/ HTTP/1.1" 200 177228
"GET /static/fonts/dash/Nunito.css HTTP/1.1" 404 1822
"POST /create_deposit_transaction/ HTTP/1.1" 200 34457
"GET /static/fonts/dash/Nunito.css HTTP/1.1" 404 1822
E:\Users\Kamron\Documents\GitHub\course-project-group-3\course_project_group_3\accounts\views.py changed, reloading.
Watching for file changes with StatReloader
"GET /accounts/ HTTP/1.1" 200 177228
"GET /static/fonts/dash/Nunito.css HTTP/1.1" 404 1822
"POST /create_deposit_transaction/ HTTP/1.1" 302 0
"GET /accounts/ HTTP/1.1" 200 181798
"GET /static/fonts/dash/Nunito.css HTTP/1.1" 404 1822
E:\Users\Kamron\Documents\GitHub\course-project-group-3\course_project_group_3\accounts\views.py changed, reloading.
Watching for file changes with StatReloader
"GET /accounts/ HTTP/1.1" 200 181626
"GET /static/fonts/dash/Nunito.css HTTP/1.1" 404 1822
"POST /create_deposit_transaction/ HTTP/1.1" 302 0
"GET /accounts/ HTTP/1.1" 200 186389
"GET /static/fonts/dash/Nunito.css HTTP/1.1" 404 1822
"GET /accounts/ HTTP/1.1" 200 186181
"GET /static/fonts/dash/Nunito.css HTTP/1.1" 404 1822
"GET /accounts/ HTTP/1.1" 200 186172
"GET /static/fonts/dash/Nunito.css HTTP/1.1" 404 1822
"GET /accounts/ HTTP/1.1" 200 186157
"GET /static/fonts/dash/Nunito.css HTTP/1.1" 404 1822
"GET /accounts/ HTTP/1.1" 200 186256
"GET /static/fonts/dash/Nunito.css HTTP/1.1" 404 1822
"GET /accounts/ HTTP/1.1" 200 186553
"GET /static/fonts/dash/Nunito.css HTTP/1.1" 404 1822
"GET /accounts/ HTTP/1.1" 200 187000
"GET /static/fonts/dash/Nunito.css HTTP/1.1" 404 1822
E:\Users\Kamron\Documents\GitHub\course-project-group-3\course_project_group_3\accounts\views.py changed, reloading.
Watching for file changes with StatReloader
E:\Users\Kamron\Documents\GitHub\course-project-group-3\course_project_group_3\accounts\views.py changed, reloading.
Watching for file changes with StatReloader
"GET /profile/ HTTP/1.1" 200 31613
"GET /static/fonts/dash/Nunito.css HTTP/1.1" 404 1822
"GET /accounts/ HTTP/1.1" 200 187000
"GET /static/fonts/dash/Nunito.css HTTP/1.1" 404 1822
"POST /create_deposit_transaction/ HTTP/1.1" 302 0
"GET /accounts/ HTTP/1.1" 200 191971
"GET /static/fonts/dash/Nunito.css HTTP/1.1" 404 1822
E:\Users\Kamron\Documents\GitHub\course-project-group-3\course_project_group_3\accounts\views.py changed, reloading.
Watching for file changes with StatReloader
E:\Users\Kamron\Documents\GitHub\course-project-group-3\course_project_group_3\accounts\views.py changed, reloading.
Watching for file changes with StatReloader
"GET /dashboard/ HTTP/1.1" 200 36041
"GET /static/fonts/dash/Nunito.css HTTP/1.1" 404 1822
"GET /accounts/ HTTP/1.1" 200 191799
"GET /static/fonts/dash/Nunito.css HTTP/1.1" 404 1822
"POST /create_deposit_transaction/ HTTP/1.1" 302 0
"GET /accounts/ HTTP/1.1" 200 196770
"GET /static/fonts/dash/Nunito.css HTTP/1.1" 404 1822
E:\Users\Kamron\Documents\GitHub\course-project-group-3\course_project_group_3\accounts\models.py changed, reloading.
Watching for file changes with StatReloader
Watching for file changes with StatReloader
Watching for file changes with StatReloader
"GET / HTTP/1.1" 200 22573
"GET /static/main/css/baguetteBox-zoom.min.css HTTP/1.1" 404 1858
"GET /static/main/css/bs-theme-overrides.css HTTP/1.1" 200 3280
"GET /static/main/css/vanilla-zoom.min.css HTTP/1.1" 200 629
"GET /static/main/bootstrap/css/bootstrap.min.css HTTP/1.1" 200 265323
"GET /static/img/scenery/image4.jpg HTTP/1.1" 404 1825
"GET /static/img/photo-1560472355-536de3962603.jpg HTTP/1.1" 404 1870
"GET /static/img/scenery/image1.jpg HTTP/1.1" 404 1825
"GET /static/main/js/baguetteBox.min.js HTTP/1.1" 200 9583
"GET /static/img/scenery/image6.jpg HTTP/1.1" 404 1825
"GET /static/img/avatars/avatar1.jpg HTTP/1.1" 404 1828
"GET /static/main/js/vanilla-zoom.js HTTP/1.1" 200 3712
"GET /static/main/js/theme.js HTTP/1.1" 200 322
"GET /static/img/avatars/avatar2.jpg HTTP/1.1" 404 1828
"GET /static/img/avatars/avatar3.jpg HTTP/1.1" 404 1828
Not Found: /favicon.ico
"GET /favicon.ico HTTP/1.1" 404 4271
